07-10-2017 19:33 +05:30: (node:35668) DeprecationWarning: `open()` is deprecated in mongoose >= 4.11.0, use `openUri()` instead, or set the `useMongoClient` option if using `connect()` or `createConnection()`. See http://mongoosejs.com/docs/connections.html#use-mongo-client
Error: listen EADDRINUSE :::3001
    at Object.exports._errnoException (util.js:1018:11)
    at exports._exceptionWithHostPort (util.js:1041:20)
    at Server._listen2 (net.js:1258:14)
    at listen (net.js:1294:10)
    at Server.listen (net.js:1390:5)
    at EventEmitter.listen (E:\node-proj\nodejs\node_modules\express\lib\application.js:618:24)
    at Object.<anonymous> (E:\node-proj\nodejs\index.js:34:5)
    at Module._compile (module.js:570:32)
    at Object.Module._extensions..js (module.js:579:10)
    at Module.load (module.js:487:32)
    at tryModuleLoad (module.js:446:12)
    at Function.Module._load (module.js:438:3)
    at Object.<anonymous> (C:\Users\Yeshwanth\AppData\Roaming\npm\node_modules\pm2\lib\ProcessContainerFork.js:53:21)
    at Module._compile (module.js:570:32)
    at Object.Module._extensions..js (module.js:579:10)
    at Module.load (module.js:487:32)
07-10-2017 19:33 +05:30: (node:17388) DeprecationWarning: `open()` is deprecated in mongoose >= 4.11.0, use `openUri()` instead, or set the `useMongoClient` option if using `connect()` or `createConnection()`. See http://mongoosejs.com/docs/connections.html#use-mongo-client
Error: listen EADDRINUSE :::3001
    at Object.exports._errnoException (util.js:1018:11)
    at exports._exceptionWithHostPort (util.js:1041:20)
    at Server._listen2 (net.js:1258:14)
    at listen (net.js:1294:10)
    at Server.listen (net.js:1390:5)
    at EventEmitter.listen (E:\node-proj\nodejs\node_modules\express\lib\application.js:618:24)
    at Object.<anonymous> (E:\node-proj\nodejs\index.js:34:5)
    at Module._compile (module.js:570:32)
    at Object.Module._extensions..js (module.js:579:10)
    at Module.load (module.js:487:32)
    at tryModuleLoad (module.js:446:12)
    at Function.Module._load (module.js:438:3)
    at Object.<anonymous> (C:\Users\Yeshwanth\AppData\Roaming\npm\node_modules\pm2\lib\ProcessContainerFork.js:53:21)
    at Module._compile (module.js:570:32)
    at Object.Module._extensions..js (module.js:579:10)
    at Module.load (module.js:487:32)
07-10-2017 19:33 +05:30: (node:28220) DeprecationWarning: `open()` is deprecated in mongoose >= 4.11.0, use `openUri()` instead, or set the `useMongoClient` option if using `connect()` or `createConnection()`. See http://mongoosejs.com/docs/connections.html#use-mongo-client
07-10-2017 19:33 +05:30: Error: listen EADDRINUSE :::3001
    at Object.exports._errnoException (util.js:1018:11)
    at exports._exceptionWithHostPort (util.js:1041:20)
    at Server._listen2 (net.js:1258:14)
    at listen (net.js:1294:10)
    at Server.listen (net.js:1390:5)
    at EventEmitter.listen (E:\node-proj\nodejs\node_modules\express\lib\application.js:618:24)
    at Object.<anonymous> (E:\node-proj\nodejs\index.js:34:5)
    at Module._compile (module.js:570:32)
    at Object.Module._extensions..js (module.js:579:10)
    at Module.load (module.js:487:32)
    at tryModuleLoad (module.js:446:12)
    at Function.Module._load (module.js:438:3)
    at Object.<anonymous> (C:\Users\Yeshwanth\AppData\Roaming\npm\node_modules\pm2\lib\ProcessContainerFork.js:53:21)
    at Module._compile (module.js:570:32)
    at Object.Module._extensions..js (module.js:579:10)
    at Module.load (module.js:487:32)
